<?xml version="1.0" encoding="UTF-8" ?>
<testsuite tests="1" failures="0" name="com.andreas.heimann.sudoku.AppTest" time="0.004" errors="0" skipped="0">
  <properties>
    <property name="java.runtime.name" value="Java(TM) SE Runtime Environment"/>
    <property name="sun.boot.library.path" value="C:\Progz\Java\JDK 1.8\jre\bin"/>
    <property name="java.vm.version" value="25.45-b02"/>
    <property name="java.vm.vendor" value="Oracle Corporation"/>
    <property name="maven.multiModuleProjectDirectory" value="C:\Coding\Java\Sudoku"/>
    <property name="java.vendor.url" value="http://java.oracle.com/"/>
    <property name="path.separator" value=";"/>
    <property name="guice.disable.misplaced.annotation.check" value="true"/>
    <property name="java.vm.name" value="Java HotSpot(TM) Client VM"/>
    <property name="file.encoding.pkg" value="sun.io"/>
    <property name="user.script" value=""/>
    <property name="user.country" value="DE"/>
    <property name="sun.java.launcher" value="SUN_STANDARD"/>
    <property name="sun.os.patch.level" value="Service Pack 1"/>
    <property name="java.vm.specification.name" value="Java Virtual Machine Specification"/>
    <property name="user.dir" value="C:\Coding\Java\Sudoku"/>
    <property name="java.runtime.version" value="1.8.0_45-b15"/>
    <property name="java.awt.graphicsenv" value="sun.awt.Win32GraphicsEnvironment"/>
    <property name="java.endorsed.dirs" value="C:\Progz\Java\JDK 1.8\jre\lib\endorsed"/>
    <property name="os.arch" value="x86"/>
    <property name="java.io.tmpdir" value="C:\Users\Andreas\AppData\Local\Temp\"/>
    <property name="line.separator" value="
"/>
    <property name="java.vm.specification.vendor" value="Oracle Corporation"/>
    <property name="user.variant" value=""/>
    <property name="os.name" value="Windows 7"/>
    <property name="classworlds.conf" value="C:\Progz\Maven\bin\m2.conf"/>
    <property name="sun.jnu.encoding" value="Cp1252"/>
    <property name="java.library.path" value="C:\Progz\Java\JDK 1.8\bin;C:\windows\Sun\Java\bin;C:\windows\system32;C:\windows;C:\ProgzWinAVR\bin;C:\ProgzWinAVR\utils\bin;C:\Program Files\NVIDIA Corporation\PhysX\Common;C:\Program Files\Haskell\bin;C:\Progz\Haskell 7.10.3\lib\extralibs\bin;C:\Progz\Haskell 7.10.3\bin;C:\ProgramData\Oracle\Java\javapath;C:\windows\system32;C:\windows;C:\windows\System32\Wbem;C:\windows\System32\WindowsPowerShell\v1.0\;C:\Program Files\Lenovo\Bluetooth Software\;C:\Program Files\Skype\Phone\;C:\Progz\MySQL\MySQL Utilities 1.3.6\;C:\Progz\MiKTeX\miktex\bin\;C:\Progz\Haskell 7.10.3\mingw\bin;C:\Progz\sbt\\bin;C:\Progz\TortoiseSVN\bin;C:\Progz\Java\JDK 1.8\bin;C:\Progz\Maven\bin;C:\Progz\MinGW\bin;C:\Coding\Play\bin;C:\Progz\MySQL\MySQL Server 5.7\bin;C:\Progz\Ant\bin;C:\Coding\Xampp\apache\bin\;C:\Progz\WinAVR\bin;C:\Progz\Yap\bin;C:\Progz\Python 3.6.1;;."/>
    <property name="java.specification.name" value="Java Platform API Specification"/>
    <property name="java.class.version" value="52.0"/>
    <property name="sun.management.compiler" value="HotSpot Client Compiler"/>
    <property name="os.version" value="6.1"/>
    <property name="user.home" value="C:\Users\Andreas"/>
    <property name="user.timezone" value="Europe/Berlin"/>
    <property name="java.awt.printerjob" value="sun.awt.windows.WPrinterJob"/>
    <property name="java.specification.version" value="1.8"/>
    <property name="file.encoding" value="Cp1252"/>
    <property name="user.name" value="Andreas"/>
    <property name="java.class.path" value="C:\Progz\Maven\boot\plexus-classworlds-2.5.2.jar"/>
    <property name="java.vm.specification.version" value="1.8"/>
    <property name="sun.arch.data.model" value="32"/>
    <property name="java.home" value="C:\Progz\Java\JDK 1.8\jre"/>
    <property name="sun.java.command" value="org.codehaus.plexus.classworlds.launcher.Launcher install"/>
    <property name="java.specification.vendor" value="Oracle Corporation"/>
    <property name="user.language" value="de"/>
    <property name="awt.toolkit" value="sun.awt.windows.WToolkit"/>
    <property name="java.vm.info" value="mixed mode, sharing"/>
    <property name="java.version" value="1.8.0_45"/>
    <property name="java.ext.dirs" value="C:\Progz\Java\JDK 1.8\jre\lib\ext;C:\windows\Sun\Java\lib\ext"/>
    <property name="sun.boot.class.path" value="C:\Progz\Java\JDK 1.8\jre\lib\resources.jar;C:\Progz\Java\JDK 1.8\jre\lib\rt.jar;C:\Progz\Java\JDK 1.8\jre\lib\sunrsasign.jar;C:\Progz\Java\JDK 1.8\jre\lib\jsse.jar;C:\Progz\Java\JDK 1.8\jre\lib\jce.jar;C:\Progz\Java\JDK 1.8\jre\lib\charsets.jar;C:\Progz\Java\JDK 1.8\jre\lib\jfr.jar;C:\Progz\Java\JDK 1.8\jre\classes"/>
    <property name="sun.stderr.encoding" value="cp850"/>
    <property name="java.vendor" value="Oracle Corporation"/>
    <property name="maven.home" value="C:\Progz\Maven"/>
    <property name="file.separator" value="\"/>
    <property name="java.vendor.url.bug" value="http://bugreport.sun.com/bugreport/"/>
    <property name="sun.cpu.endian" value="little"/>
    <property name="sun.io.unicode.encoding" value="UnicodeLittle"/>
    <property name="sun.stdout.encoding" value="cp850"/>
    <property name="sun.desktop" value="windows"/>
    <property name="sun.cpu.isalist" value="pentium_pro+mmx pentium_pro pentium+mmx pentium i486 i386 i86"/>
  </properties>
  <testcase classname="com.andreas.heimann.sudoku.AppTest" name="testApp" time="0.004"/>
</testsuite>